2018-04-18 04:14:45 Started SmokeyWeener v0.0 by level6 of LIE.
2018-04-18 04:15:19 Smoke button pressed (1 total times).  Resetting timer.
2018-04-18 04:30:19 Smoking timer elapsed.  OK to smoke one.
2018-04-18 04:45:19 Smoking timer elapsed.  OK to smoke one.
2018-04-18 05:00:19 Smoking timer elapsed.  OK to smoke one.
2018-04-18 05:15:19 Smoking timer elapsed.  OK to smoke one.
2018-04-18 05:30:19 Smoking timer elapsed.  OK to smoke one.
2018-04-18 05:45:19 Smoking timer elapsed.  OK to smoke one.
2018-04-18 06:00:19 Smoking timer elapsed.  OK to smoke one.
2018-04-18 06:15:19 Smoking timer elapsed.  OK to smoke one.
2018-04-18 06:30:19 Smoking timer elapsed.  OK to smoke one.
2018-04-18 06:45:19 Smoking timer elapsed.  OK to smoke one.
2018-04-18 07:00:19 Smoking timer elapsed.  OK to smoke one.
2018-04-18 07:15:19 Smoking timer elapsed.  OK to smoke one.
2018-04-18 07:30:19 Smoking timer elapsed.  OK to smoke one.
2018-04-18 07:45:19 Smoking timer elapsed.  OK to smoke one.
2018-04-18 08:00:19 Smoking timer elapsed.  OK to smoke one.
2018-04-18 08:15:19 Smoking timer elapsed.  OK to smoke one.
2018-04-18 08:30:19 Smoking timer elapsed.  OK to smoke one.
2018-04-18 08:44:55 Smoke button pressed (2 total times).  Resetting timer.
2018-04-18 08:59:43 Smoke button pressed (3 total times).  Resetting timer.
2018-04-18 09:08:25 Smoke button pressed (4 total times).  Resetting timer.
2018-04-18 09:23:25 Smoking timer elapsed.  OK to smoke one.
2018-04-18 09:23:34 Smoke button pressed (5 total times).  Resetting timer.
2018-04-18 09:38:33 Smoke button pressed (6 total times).  Resetting timer.
2018-04-18 09:53:33 Smoking timer elapsed.  OK to smoke one.
2018-04-18 10:08:33 Smoking timer elapsed.  OK to smoke one.
2018-04-18 10:23:33 Smoking timer elapsed.  OK to smoke one.
2018-04-18 10:38:33 Smoking timer elapsed.  OK to smoke one.
2018-04-18 10:53:33 Smoking timer elapsed.  OK to smoke one.
2018-04-18 10:53:41 Smoke button pressed (7 total times).  Resetting timer.
2018-04-18 11:08:41 Smoking timer elapsed.  OK to smoke one.
2018-04-18 11:21:56 Smoke button pressed (8 total times).  Resetting timer.
2018-04-18 11:22:32 Caught CTRL-C.  Stopping SmokeyWeener.
2018-04-18 14:32:12 Started SmokingWeener v0.2 by Raymond Spangle (https://github.com/lleevveell66)
2018-04-18 14:32:16 Smoke button pressed (1 total times).  Resetting timer.
2018-04-18 14:32:38 Smoke button pressed (2 total times).  Resetting timer.
2018-04-18 14:32:55 Smoke button pressed (3 total times).  Resetting timer.
2018-04-18 14:47:55 Smoking timer elapsed.  OK to smoke one.
2018-04-18 15:02:55 Smoking timer elapsed.  OK to smoke one.
2018-04-18 15:17:55 Smoking timer elapsed.  OK to smoke one.
2018-04-18 15:32:55 Smoking timer elapsed.  OK to smoke one.
2018-04-18 15:47:55 Smoking timer elapsed.  OK to smoke one.
2018-04-18 16:02:55 Smoking timer elapsed.  OK to smoke one.
2018-04-18 16:17:55 Smoking timer elapsed.  OK to smoke one.
2018-04-18 16:32:55 Smoking timer elapsed.  OK to smoke one.
2018-04-18 16:44:37 Smoke button pressed (4 total times).  Resetting timer.
2018-04-18 16:59:37 Smoking timer elapsed.  OK to smoke one.
2018-04-18 17:12:33 Caught CTRL-C.  Stopping SmokingWeener.
